<?xml version="1.0" encoding="UTF-8"?>
<!-- Generated by org.testng.reporters.JUnitReportReporter -->
<testsuite skipped="0" hostname="WIN-GL1UE556P6A" name="walmart" tests="1" failures="0" timestamp="23 May 2017 15:32:09 GMT" time="24.531" errors="0">
  <testcase name="test" time="24.531" classname="walmart"/>
</testsuite> <!-- walmart -->
