<?xml version="1.0" encoding="UTF-8"?>
<!-- Generated by org.testng.reporters.JUnitReportReporter -->
<testsuite skipped="0" hostname="WIN-GL1UE556P6A" name="rediff" tests="1" failures="0" timestamp="08 Jun 2017 19:21:06 GMT" time="14.147" errors="0">
  <testcase name="multiwindow" time="14.147" classname="rediff"/>
</testsuite> <!-- rediff -->
