<?xml version="1.0" encoding="UTF-8"?>
<!-- Generated by org.testng.reporters.JUnitReportReporter -->
<testsuite skipped="0" hostname="WIN-GL1UE556P6A" name="calender" tests="1" failures="0" timestamp="13 Jun 2017 14:54:00 GMT" time="31.105" errors="0">
  <testcase name="makemytrip" time="31.105" classname="calender"/>
</testsuite> <!-- calender -->
