<?xml version="1.0" encoding="UTF-8"?>
<!-- Generated by org.testng.reporters.JUnitReportReporter -->
<testsuite skipped="0" hostname="WIN-GL1UE556P6A" name="readxlsfile" tests="1" failures="0" timestamp="21 Jun 2017 15:14:19 GMT" time="0.647" errors="0">
  <testcase name="test" time="0.647" classname="readxlsfile"/>
</testsuite> <!-- readxlsfile -->
