<?xml version="1.0" encoding="UTF-8"?>
<!-- Generated by org.testng.reporters.JUnitReportReporter -->
<testsuite skipped="0" hostname="WIN-GL1UE556P6A" name="dynamicwebbrowser" tests="2" failures="0" timestamp="17 May 2017 14:45:31 GMT" time="16.176" errors="0">
  <testcase name="launch" time="6.448" classname="dynamicwebbrowser"/>
  <testcase name="launch" time="9.728" classname="dynamicwebbrowser"/>
</testsuite> <!-- dynamicwebbrowser -->
