<?xml version="1.0" encoding="UTF-8"?>
<!-- Generated by org.testng.reporters.JUnitReportReporter -->
<testsuite skipped="0" hostname="WIN-GL1UE556P6A" name="qtpselenium" tests="1" failures="0" timestamp="06 Jun 2017 15:36:11 GMT" time="12.605" errors="0">
  <testcase name="test1" time="12.605" classname="qtpselenium"/>
</testsuite> <!-- qtpselenium -->
