<?xml version="1.0" encoding="UTF-8"?>
<!-- Generated by org.testng.reporters.JUnitReportReporter -->
<testsuite skipped="0" hostname="WIN-GL1UE556P6A" name="jobserve" tests="1" failures="0" timestamp="06 Jun 2017 17:26:17 GMT" time="16.420" errors="0">
  <testcase name="testsite" time="16.420" classname="jobserve"/>
</testsuite> <!-- jobserve -->
